<?xml version="1.0" encoding="UTF-8"?>
<!-- Generated by org.testng.reporters.JUnitReportReporter -->
<testsuite hostname="HMECL008617" failures="0" tests="1" name="com.happiestminds.supertailsSearch.App" time="28.014" errors="0" timestamp="16 Dec 2023 08:26:44 GMT" skipped="0">
  <testcase classname="com.happiestminds.supertailsSearch.App" name="TestAll" time="28.014"/>
</testsuite> <!-- com.happiestminds.supertailsSearch.App -->
