<?xml version="1.0" encoding="UTF-8"?>
<!-- Generated by org.testng.reporters.JUnitReportReporter -->
<testsuite hostname="HMECL008617" failures="2" tests="7" name="com.happiestminds.supertailsSearch.testRunner.TestRunner" time="287.535" errors="0" timestamp="2024-01-06T23:09:21 IST" skipped="0">
  <testcase classname="com.happiestminds.supertailsSearch.testRunner.TestRunner" name="runScenario" time="83.206"/>
  <system-out/>
  <testcase classname="com.happiestminds.supertailsSearch.testRunner.TestRunner" name="runScenario" time="18.883"/>
  <system-out/>
  <testcase classname="com.happiestminds.supertailsSearch.testRunner.TestRunner" name="runScenario" time="60.226"/>
  <system-out/>
  <testcase classname="com.happiestminds.supertailsSearch.testRunner.TestRunner" name="runScenario" time="18.346">
    <failure message="showing results for blank query" type="java.lang.AssertionError">
      <![CDATA[java.lang.AssertionError: showing results for blank query
at org.testng.Assert.fail(Assert.java:99)
at com.happiestminds.supertailsSearch.pages.Page1_Search.verifyPageTitle(Page1_Search.java:216)
at com.happiestminds.supertailsSearch.scenarios.Scn_03_blankSearchQuery_steps.user_should_remain_on_the_same_page(Scn_03_blankSearchQuery_steps.java:27)
at ✽.: User should remain on the same page(file:///C:/Users/abhishek.yadav/eclipse-workspace/Supertails_Search-Selenium/src/test/resources/Features/03_blank_search_query.feature:10)
]]>
    </failure>
  </testcase> <!-- runScenario -->
  <system-out/>
  <testcase classname="com.happiestminds.supertailsSearch.testRunner.TestRunner" name="runScenario" time="38.555"/>
  <system-out/>
  <testcase classname="com.happiestminds.supertailsSearch.testRunner.TestRunner" name="runScenario" time="38.019"/>
  <system-out/>
  <testcase classname="com.happiestminds.supertailsSearch.testRunner.TestRunner" name="runScenario" time="30.300">
    <failure message="search Results being displayed for invalid query" type="java.lang.AssertionError">
      <![CDATA[java.lang.AssertionError: search Results being displayed for invalid query
at org.testng.Assert.fail(Assert.java:99)
at com.happiestminds.supertailsSearch.pages.Page2_SearchResults.verifySearchResultsForInvalidQuery(Page2_SearchResults.java:184)
at com.happiestminds.supertailsSearch.scenarios.Scn_01_02_searchFunctionalityWithoutLogin_steps.user_should_not_see_expected_results_on_the_search_results_page(Scn_01_02_searchFunctionalityWithoutLogin_steps.java:118)
at ✽.: User should not see expectedResults on the search Results page(file:///C:/Users/abhishek.yadav/eclipse-workspace/Supertails_Search-Selenium/src/test/resources/Features/01_02_search_functionality_without_login.feature:28)
]]>
    </failure>
  </testcase> <!-- runScenario -->
  <system-out/>
</testsuite> <!-- com.happiestminds.supertailsSearch.testRunner.TestRunner -->
